#
# There is insufficient memory for the Java Runtime Environment to continue.
# Native memory allocation (mmap) failed to map 117440512 bytes for Failed to commit area from 0x0000000091000000 to 0x0000000098000000 of length 117440512.
# Possible reasons:
#   The system is out of physical RAM or swap space
#   The process is running with CompressedOops enabled, and the Java Heap may be blocking the growth of the native heap
# Possible solutions:
#   Reduce memory load on the system
#   Increase physical memory or swap space
#   Check if swap backing store is full
#   Decrease Java heap size (-Xmx/-Xms)
#   Decrease number of Java threads
#   Decrease Java thread stack sizes (-Xss)
#   Set larger code cache with -XX:ReservedCodeCacheSize=
# This output file may be truncated or incomplete.
#
#  Out of Memory Error (./src/hotspot/os/windows/os_windows.cpp:3303), pid=7140, tid=14172
#
# JRE version:  (11.0.8+10) (build )
# Java VM: OpenJDK 64-Bit Server VM (11.0.8+10-b944.6842174, mixed mode, sharing, tiered, compressed oops, g1 gc, windows-amd64)
# No core dump will be written. Minidumps are not enabled by default on client versions of Windows
#

---------------  S U M M A R Y ------------

Command Line: org.jetbrains.kotlin.cli.jvm.K2JVMCompiler @D:\Prabhakar\Full Stack Android Development\Assignments\Week-18\MFine\MFineApplication\app\build\20210829_332815762147873258.compiler.options

Host: AMD Ryzen 5 3500U with Radeon Vega Mobile Gfx  , 8 cores, 6G,  Windows 10 , 64 bit Build 19041 (10.0.19041.1151)
Time: Sun Aug 29 22:35:49 2021 India Standard Time elapsed time: 0 seconds (0d 0h 0m 0s)

---------------  T H R E A D  ---------------

Current thread (0x000002485d6da000):  JavaThread "Unknown thread" [_thread_in_vm, id=14172, stack(0x00000080b8500000,0x00000080b8600000)]

Stack: [0x00000080b8500000,0x00000080b8600000]
Native frames: (J=compiled Java code, j=interpreted, Vv=VM code, C=native code)
V  [jvm.dll+0x5de50a]
V  [jvm.dll+0x7122f5]
V  [jvm.dll+0x71384d]
V  [jvm.dll+0x713f03]
V  [jvm.dll+0x23e728]
V  [jvm.dll+0x5db9a4]
V  [jvm.dll+0x5d0ae5]
V  [jvm.dll+0x2fb20b]
V  [jvm.dll+0x2fb17a]
V  [jvm.dll+0x2fb052]
V  [jvm.dll+0x2fff16]
V  [jvm.dll+0x348743]
V  [jvm.dll+0x348e46]
V  [jvm.dll+0x348843]
V  [jvm.dll+0x2d5d68]
V  [jvm.dll+0x2d6f07]
V  [jvm.dll+0x6f11f7]
V  [jvm.dll+0x6f29ec]
V  [jvm.dll+0x355cb9]
V  [jvm.dll+0x6d4ade]
V  [jvm.dll+0x3bdfe3]
V  [jvm.dll+0x3c0201]
C  [jli.dll+0x5373]
C  [ucrtbase.dll+0x21bb2]
C  [KERNEL32.DLL+0x17034]
C  [ntdll.dll+0x52651]


---------------  P R O C E S S  ---------------

Threads class SMR info:
_java_thread_list=0x000002485bd77180, length=0, elements={
}

Java Threads: ( => current thread )

Other Threads:
  0x000002485d6f1800 GCTaskThread "GC Thread#0" [stack: 0x00000080b8600000,0x00000080b8700000] [id=15580]
  0x000002485d71c800 ConcurrentGCThread "G1 Main Marker" [stack: 0x00000080b8700000,0x00000080b8800000] [id=12460]
  0x000002485d71e000 ConcurrentGCThread "G1 Conc#0" [stack: 0x00000080b8800000,0x00000080b8900000] [id=580]

[error occurred during error reporting (printing all threads), id 0xc0000005, EXCEPTION_ACCESS_VIOLATION (0xc0000005) at pc=0x00007ff92dfe6357]

VM state:not at safepoint (not fully initialized)

VM Mutex/Monitor currently owned by a thread:  ([mutex/lock_event])
[0x000002485d6d58a0] Heap_lock - owner thread: 0x000002485d6da000

Heap address: 0x0000000091000000, size: 1776 MB, Compressed Oops mode: Non-zero based: 0x0000000091000000
Narrow klass base: 0x0000000000000000, Narrow klass shift: 0

GC Heap History (0 events):
No events

Deoptimization events (0 events):
No events

Classes redefined (0 events):
No events

Internal exceptions (0 events):
No events

Events (1 events):
Event: 0.012 Loaded shared library C:\Program Files\Android\Android Studio\jre\bin\zip.dll


Dynamic libraries:
0x00007ff783740000 - 0x00007ff78374a000 	C:\Program Files\Android\Android Studio\jre\bin\java.exe
0x00007ff98c590000 - 0x00007ff98c785000 	C:\Windows\SYSTEM32\ntdll.dll
0x00007ff98af20000 - 0x00007ff98afdd000 	C:\Windows\System32\KERNEL32.DLL
0x00007ff98a160000 - 0x00007ff98a429000 	C:\Windows\System32\KERNELBASE.dll
0x00007ff989fc0000 - 0x00007ff98a0c0000 	C:\Windows\System32\ucrtbase.dll
0x00007ff984540000 - 0x00007ff984559000 	C:\Program Files\Android\Android Studio\jre\bin\jli.dll
0x00007ff984e30000 - 0x00007ff984e47000 	C:\Program Files\Android\Android Studio\jre\bin\VCRUNTIME140.dll
0x00007ff98c110000 - 0x00007ff98c2b0000 	C:\Windows\System32\USER32.dll
0x00007ff96cb60000 - 0x00007ff96cdfa000 	C:\Windows\WinSxS\amd64_microsoft.windows.common-controls_6595b64144ccf1df_6.0.19041.1110_none_60b5254171f9507e\COMCTL32.dll
0x00007ff98a430000 - 0x00007ff98a452000 	C:\Windows\System32\win32u.dll
0x00007ff98b410000 - 0x00007ff98b4ae000 	C:\Windows\System32\msvcrt.dll
0x00007ff98b130000 - 0x00007ff98b15a000 	C:\Windows\System32\GDI32.dll
0x00007ff989eb0000 - 0x00007ff989fbb000 	C:\Windows\System32\gdi32full.dll
0x00007ff98a0c0000 - 0x00007ff98a15d000 	C:\Windows\System32\msvcp_win.dll
0x00007ff98b100000 - 0x00007ff98b130000 	C:\Windows\System32\IMM32.DLL
0x00007ff968840000 - 0x00007ff9688dd000 	C:\Program Files\Android\Android Studio\jre\bin\msvcp140.dll
0x00007ff92dd00000 - 0x00007ff92e7bc000 	C:\Program Files\Android\Android Studio\jre\bin\server\jvm.dll
0x00007ff98c4a0000 - 0x00007ff98c54c000 	C:\Windows\System32\ADVAPI32.dll
0x00007ff98b370000 - 0x00007ff98b40b000 	C:\Windows\System32\sechost.dll
0x00007ff98baf0000 - 0x00007ff98bc1a000 	C:\Windows\System32\RPCRT4.dll
0x00007ff98b9b0000 - 0x00007ff98b9b8000 	C:\Windows\System32\PSAPI.DLL
0x00007ff985390000 - 0x00007ff9853b7000 	C:\Windows\SYSTEM32\WINMM.dll
0x00007ff963010000 - 0x00007ff963019000 	C:\Windows\SYSTEM32\WSOCK32.dll
0x00007ff981f10000 - 0x00007ff981f1a000 	C:\Windows\SYSTEM32\VERSION.dll
0x00007ff98b810000 - 0x00007ff98b87b000 	C:\Windows\System32\WS2_32.dll
0x00007ff9885a0000 - 0x00007ff9885b2000 	C:\Windows\SYSTEM32\kernel.appcore.dll
0x00007ff94d7f0000 - 0x00007ff94d801000 	C:\Program Files\Android\Android Studio\jre\bin\verify.dll
0x00007ff988000000 - 0x00007ff9881e4000 	C:\Windows\SYSTEM32\DBGHELP.DLL
0x00007ff97cb90000 - 0x00007ff97cbbc000 	C:\Windows\SYSTEM32\dbgcore.DLL
0x00007ff98a460000 - 0x00007ff98a4e3000 	C:\Windows\System32\bcryptPrimitives.dll
0x00007ff94cb90000 - 0x00007ff94cbb9000 	C:\Program Files\Android\Android Studio\jre\bin\java.dll
0x00007ff96c570000 - 0x00007ff96c57b000 	C:\Program Files\Android\Android Studio\jre\bin\jimage.dll
0x00007ff931eb0000 - 0x00007ff931ec8000 	C:\Program Files\Android\Android Studio\jre\bin\zip.dll

dbghelp: loaded successfully - version: 4.0.5 - missing functions: none
symbol engine: initialized successfully - sym options: 0x614 - pdb path: .;C:\Program Files\Android\Android Studio\jre\bin;C:\Windows\SYSTEM32;C:\Windows\WinSxS\amd64_microsoft.windows.common-controls_6595b64144ccf1df_6.0.19041.1110_none_60b5254171f9507e;C:\Program Files\Android\Android Studio\jre\bin\server

VM Arguments:
java_command: org.jetbrains.kotlin.cli.jvm.K2JVMCompiler @D:\Prabhakar\Full Stack Android Development\Assignments\Week-18\MFine\MFineApplication\app\build\20210829_332815762147873258.compiler.options
java_class_path (initial): C:\Users\Ashu_Upmi\.gradle\caches\modules-2\files-2.1\org.jetbrains.kotlin\kotlin-compiler-embeddable\1.5.21\40ddbcae9ff100473f95370c2d589ba3fc48eed5\kotlin-compiler-embeddable-1.5.21.jar;C:\Users\Ashu_Upmi\.gradle\caches\modules-2\files-2.1\org.jetbrains.kotlin\kotlin-reflect\1.5.21\802f1f39735ae1eb2b75714a40fa19bb2e687e96\kotlin-reflect-1.5.21.jar;C:\Users\Ashu_Upmi\.gradle\caches\modules-2\files-2.1\org.jetbrains.kotlin\kotlin-stdlib\1.5.21\2f537cad7e9eeb9da73738c8812e1e4cf9b62e4e\kotlin-stdlib-1.5.21.jar;C:\Users\Ashu_Upmi\.gradle\caches\modules-2\files-2.1\org.jetbrains.kotlin\kotlin-script-runtime\1.5.21\96d49e89873fde985750af354b6eabb60cfa999b\kotlin-script-runtime-1.5.21.jar;C:\Users\Ashu_Upmi\.gradle\caches\modules-2\files-2.1\org.jetbrains.kotlin\kotlin-daemon-embeddable\1.5.21\17255809e66a940dfdf6289bccbdfb5a09f3145\kotlin-daemon-embeddable-1.5.21.jar;C:\Users\Ashu_Upmi\.gradle\caches\modules-2\files-2.1\org.jetbrains.intellij.deps\trove4j\1.0.20181211\216c2e14b070f334479d800987affe4054cd563f\trove4j-1.0.20181211.jar;C:\Users\Ashu_Upmi\.gradle\caches\modules-2\files-2.1\org.jetbrains\annotations\13.0\919f0dfe192fb4e063e7dacadee7f8bb9a2672a9\annotations-13.0.jar;C:\Users\Ashu_Upmi\.gradle\caches\modules-2\files-2.1\org.jetbrains.kotlin\kotlin-stdlib-common\1.5.21\cc8bf3586fd2ebcf234058b9440bb406e62dfacb\kotlin-stdlib-common-1.5.21.jar
Launcher Type: SUN_STANDARD

[Global flags]
     intx CICompilerCount                          = 4                                         {product} {ergonomic}
     uint ConcGCThreads                            = 2                                         {product} {ergonomic}
     uint G1ConcRefinementThreads                  = 8                                         {product} {ergonomic}
   size_t G1HeapRegionSize                         = 1048576                                   {product} {ergonomic}
    uintx GCDrainStackTargetSize                   = 64                                        {product} {ergonomic}
   size_t InitialHeapSize                          = 117440512                                 {product} {ergonomic}
   size_t MarkStackSize                            = 4194304                                   {product} {ergonomic}
   size_t MaxHeapSize                              = 1862270976                                {product} {ergonomic}
   size_t MinHeapDeltaBytes                        = 1048576                                   {product} {ergonomic}
    uintx NonNMethodCodeHeapSize                   = 5836300                                {pd product} {ergonomic}
    uintx NonProfiledCodeHeapSize                  = 122910970                              {pd product} {ergonomic}
    uintx ProfiledCodeHeapSize                     = 122910970                              {pd product} {ergonomic}
    uintx ReservedCodeCacheSize                    = 251658240                              {pd product} {ergonomic}
     bool SegmentedCodeCache                       = true                                      {product} {ergonomic}
     bool UseCompressedClassPointers               = true                                 {lp64_product} {ergonomic}
     bool UseCompressedOops                        = true                                 {lp64_product} {ergonomic}
     bool UseG1GC                                  = true                                      {product} {ergonomic}
     bool UseLargePagesIndividualAllocation        = false                                  {pd product} {ergonomic}

Logging:
Log output configuration:
 #0: stdout all=warning uptime,level,tags
 #1: stderr all=off uptime,level,tags

Environment Variables:
PATH=C:\Program Files\Common Files\Oracle\Java\javapath;C:\Windows\system32;C:\Windows;C:\Windows\System32\Wbem;C:\Windows\System32\WindowsPowerShell\v1.0\;C:\Windows\System32\OpenSSH\;C:\Program Files\Git\cmd;C:\Program Files\nodejs\;C:\Users\Ashu_Upmi\AppData\Local\Microsoft\WindowsApps;;C:\Users\Ashu_Upmi\AppData\Local\Programs\Microsoft VS Code\bin;C:\Users\Ashu_Upmi\AppData\Roaming\npm;C:\Program Files\heroku\bin
USERNAME=Ashu_Upmi
OS=Windows_NT
PROCESSOR_IDENTIFIER=AMD64 Family 23 Model 24 Stepping 1, AuthenticAMD



---------------  S Y S T E M  ---------------

OS: Windows 10 , 64 bit Build 19041 (10.0.19041.1151)
OS uptime: 1 days 11:38 hours

CPU:total 8 (initial active 8) (8 cores per cpu, 2 threads per core) family 23 model 24 stepping 1, cmov, cx8, fxsr, mmx, sse, sse2, sse3, ssse3, sse4.1, sse4.2, popcnt, avx, avx2, aes, clmul, mmxext, 3dnowpref, lzcnt, sse4a, ht, tsc, tscinvbit, tscinv, bmi1, bmi2, adx, sha, fma

Memory: 4k page, system-wide physical 7103M (346M free)
TotalPageFile size 17281M (AvailPageFile size 48M)
current process WorkingSet (physical memory assigned to process): 9M, peak: 9M
current process commit charge ("private bytes"): 59M, peak: 171M

vm_info: OpenJDK 64-Bit Server VM (11.0.8+10-b944.6842174) for windows-amd64 JRE (11.0.8+10-b944.6842174), built on Sep 19 2020 01:11:42 by "builder" with MS VC++ 14.0 (VS2015)

END.
